<?xml version="1.0" encoding="UTF-8"?>
<!-- Generated by org.testng.reporters.JUnitReportReporter -->
<testsuite hostname="DESKTOP-KJ197RR" failures="0" tests="1" name="KetchAppTest.Demo" time="14.739" errors="0" timestamp="2025-02-14T10:34:27 IST" skipped="0">
  <testcase classname="KetchAppTest.Demo" name="AppiumFirst" time="14.739"/>
  <system-out/>
</testsuite> <!-- KetchAppTest.Demo -->
