<?xml version="1.0" encoding="UTF-8"?>
<!-- Generated by org.testng.reporters.JUnitReportReporter -->
<testsuite hostname="DESKTOP-KJ197RR" failures="0" tests="1" name="KetchAppTest.Demo" time="11.221" errors="0" timestamp="2025-02-14T11:06:53 IST" skipped="0">
  <testcase classname="KetchAppTest.Demo" name="AppiumFirst" time="11.221"/>
  <system-out/>
</testsuite> <!-- KetchAppTest.Demo -->
