<?xml version="1.0" encoding="UTF-8"?>
<!-- Generated by org.testng.reporters.JUnitReportReporter -->
<testsuite hostname="DESKTOP-KJ197RR" failures="0" tests="1" name="KetchAppTest.PlpTest" time="78.952" errors="0" timestamp="2025-02-20T14:59:04 IST" skipped="0">
  <testcase classname="KetchAppTest.PlpTest" name="plpfilter" time="78.952"/>
  <system-out/>
</testsuite> <!-- KetchAppTest.PlpTest -->
