<?xml version="1.0" encoding="UTF-8"?>
<!-- Generated by org.testng.reporters.JUnitReportReporter -->
<testsuite hostname="LAPTOP-8UKHKL7O" failures="0" tests="1" name="KetchAppTest.Demo" time="10.362" errors="0" timestamp="2025-02-14T00:09:09 IST" skipped="0">
  <testcase classname="KetchAppTest.Demo" name="AppiumFirst" time="10.362"/>
  <system-out/>
</testsuite> <!-- KetchAppTest.Demo -->
