<?xml version="1.0" encoding="UTF-8"?>
<!-- Generated by org.testng.reporters.JUnitReportReporter -->
<testsuite hostname="DESKTOP-KJ197RR" failures="0" tests="1" name="TotalFoods.FirstTest" time="35.800" errors="0" timestamp="2025-02-17T17:40:45 IST" skipped="0">
  <testcase classname="TotalFoods.FirstTest" name="demo" time="35.800"/>
  <system-out/>
</testsuite> <!-- TotalFoods.FirstTest -->
