<?xml version="1.0" encoding="UTF-8"?>
<!-- Generated by org.testng.reporters.JUnitReportReporter -->
<testsuite hostname="DESKTOP-KJ197RR" failures="0" tests="1" name="KetchAppTest.PlpTest" time="21.603" errors="0" timestamp="2025-02-18T12:35:00 IST" skipped="0">
  <testcase classname="KetchAppTest.PlpTest" name="plpfilter" time="21.603"/>
  <system-out/>
</testsuite> <!-- KetchAppTest.PlpTest -->
